<?xml version="1.0" encoding="UTF-8"?>
<testsuite xmlns:xsi="http://www.w3.org/2001/XMLSchema-instance" xsi:noNamespaceSchemaLocation="https://maven.apache.org/surefire/maven-surefire-plugin/xsd/surefire-test-report-3.0.xsd" version="3.0" name="superoffers.util.jsonserializers.InstantAdapterTest" time="0.044" tests="2" errors="0" skipped="0" failures="0">
  <properties>
[...]
</properties>
  <testcase name="it_should_serialize_and_deserialize_an_instant_date_given_a_valid_date_string_format" classname="superoffers.util.jsonserializers.InstantAdapterTest" time="0.034"/>
  <testcase name="it_should_throw_an_exception_given_an_invalid_date_string_format" classname="superoffers.util.jsonserializers.InstantAdapterTest" time="0.002"/>
</testsuite>